-------------------------------------------------------------------------------
Test set: org.example.EchoServiceTest
-------------------------------------------------------------------------------
Tests run: 1, Failures: 1, Errors: 0, Skipped: 0, Time elapsed: 0.664 s <<< FAILURE! - in org.example.EchoServiceTest
givenValidRequestAndResponse_whenEcho_thenTrueIsResponded  Time elapsed: 0.649 s  <<< FAILURE!
org.opentest4j.AssertionFailedError: expected: <true> but was: <false>
	at org.example.EchoServiceTest.givenValidRequestAndResponse_whenEcho_thenTrueIsResponded(EchoServiceTest.java:21)

